GowinSynthesis start
Running parser ...
Analyzing Verilog file 'C:\Users\hgszh\Desktop\BioRec-One\firmware\fpga\project_gowin_v1.9.9\src\ad_da\ads1259.v'
Undeclared symbol 'adc_overload', assumed default net type 'wire'("C:\Users\hgszh\Desktop\BioRec-One\firmware\fpga\project_gowin_v1.9.9\src\ad_da\ads1259.v":167)
Analyzing Verilog file 'C:\Users\hgszh\Desktop\BioRec-One\firmware\fpga\project_gowin_v1.9.9\src\ad_da\dac8830.v'
Analyzing Verilog file 'C:\Users\hgszh\Desktop\BioRec-One\firmware\fpga\project_gowin_v1.9.9\src\fifo_sc\fifo_16.v'
Analyzing Verilog file 'C:\Users\hgszh\Desktop\BioRec-One\firmware\fpga\project_gowin_v1.9.9\src\fifo_sc\fifo_24.v'
Analyzing Verilog file 'C:\Users\hgszh\Desktop\BioRec-One\firmware\fpga\project_gowin_v1.9.9\src\filter_process\filter_process.sv'
Analyzing included file 'C:\Users\hgszh\Desktop\BioRec-One\firmware\fpga\project_gowin_v1.9.9\src\filter_process\fir_lpf\fir_lpf.sv'("C:\Users\hgszh\Desktop\BioRec-One\firmware\fpga\project_gowin_v1.9.9\src\filter_process\filter_process.sv":1)
Analyzing included file 'C:\Users\hgszh\Desktop\BioRec-One\firmware\fpga\project_gowin_v1.9.9\src\filter_process\fir_lpf\basic_fir_filter.v'("C:\Users\hgszh\Desktop\BioRec-One\firmware\fpga\project_gowin_v1.9.9\src\filter_process\fir_lpf\fir_lpf.sv":4)
Back to file 'C:\Users\hgszh\Desktop\BioRec-One\firmware\fpga\project_gowin_v1.9.9\src\filter_process\fir_lpf\fir_lpf.sv'("C:\Users\hgszh\Desktop\BioRec-One\firmware\fpga\project_gowin_v1.9.9\src\filter_process\fir_lpf\fir_lpf.sv":4)
Back to file 'C:\Users\hgszh\Desktop\BioRec-One\firmware\fpga\project_gowin_v1.9.9\src\filter_process\filter_process.sv'("C:\Users\hgszh\Desktop\BioRec-One\firmware\fpga\project_gowin_v1.9.9\src\filter_process\filter_process.sv":1)
Analyzing included file 'C:\Users\hgszh\Desktop\BioRec-One\firmware\fpga\project_gowin_v1.9.9\src\filter_process\iir_hpf\iir_hpf.v'("C:\Users\hgszh\Desktop\BioRec-One\firmware\fpga\project_gowin_v1.9.9\src\filter_process\filter_process.sv":2)
Back to file 'C:\Users\hgszh\Desktop\BioRec-One\firmware\fpga\project_gowin_v1.9.9\src\filter_process\filter_process.sv'("C:\Users\hgszh\Desktop\BioRec-One\firmware\fpga\project_gowin_v1.9.9\src\filter_process\filter_process.sv":2)
Analyzing included file 'C:\Users\hgszh\Desktop\BioRec-One\firmware\fpga\project_gowin_v1.9.9\src\filter_process\iir_notch\iir_notch.v'("C:\Users\hgszh\Desktop\BioRec-One\firmware\fpga\project_gowin_v1.9.9\src\filter_process\filter_process.sv":3)
Back to file 'C:\Users\hgszh\Desktop\BioRec-One\firmware\fpga\project_gowin_v1.9.9\src\filter_process\filter_process.sv'("C:\Users\hgszh\Desktop\BioRec-One\firmware\fpga\project_gowin_v1.9.9\src\filter_process\filter_process.sv":3)
Analyzing included file 'C:\Users\hgszh\Desktop\BioRec-One\firmware\fpga\project_gowin_v1.9.9\src\filter_process\reset_iir_on_ring\reset_iir_on_ring.v'("C:\Users\hgszh\Desktop\BioRec-One\firmware\fpga\project_gowin_v1.9.9\src\filter_process\filter_process.sv":4)
Back to file 'C:\Users\hgszh\Desktop\BioRec-One\firmware\fpga\project_gowin_v1.9.9\src\filter_process\filter_process.sv'("C:\Users\hgszh\Desktop\BioRec-One\firmware\fpga\project_gowin_v1.9.9\src\filter_process\filter_process.sv":4)
Analyzing Verilog file 'C:\Users\hgszh\Desktop\BioRec-One\firmware\fpga\project_gowin_v1.9.9\src\led\led.v'
Analyzing Verilog file 'C:\Users\hgszh\Desktop\BioRec-One\firmware\fpga\project_gowin_v1.9.9\src\pan_tompkins\pan_tompkins.v'
Analyzing included file 'C:\Users\hgszh\Desktop\BioRec-One\firmware\fpga\project_gowin_v1.9.9\src\pan_tompkins\pan_tompkins_utils.v'("C:\Users\hgszh\Desktop\BioRec-One\firmware\fpga\project_gowin_v1.9.9\src\pan_tompkins\pan_tompkins.v":1)
Back to file 'C:\Users\hgszh\Desktop\BioRec-One\firmware\fpga\project_gowin_v1.9.9\src\pan_tompkins\pan_tompkins.v'("C:\Users\hgszh\Desktop\BioRec-One\firmware\fpga\project_gowin_v1.9.9\src\pan_tompkins\pan_tompkins.v":1)
Analyzing Verilog file 'C:\Users\hgszh\Desktop\BioRec-One\firmware\fpga\project_gowin_v1.9.9\src\spi\bus_control\bus_control.v'
Analyzing Verilog file 'C:\Users\hgszh\Desktop\BioRec-One\firmware\fpga\project_gowin_v1.9.9\src\spi\spi_master\source\SPI_Master.v'
Analyzing Verilog file 'C:\Users\hgszh\Desktop\BioRec-One\firmware\fpga\project_gowin_v1.9.9\src\spi\spi_master\source\SPI_Master_With_Single_CS.v'
Analyzing Verilog file 'C:\Users\hgszh\Desktop\BioRec-One\firmware\fpga\project_gowin_v1.9.9\src\spi\spi_mode0_slave\spi_slave.v'
Analyzing Verilog file 'C:\Users\hgszh\Desktop\BioRec-One\firmware\fpga\project_gowin_v1.9.9\src\top.sv'
Undeclared symbol 'fast_recovery', assumed default net type 'wire'("C:\Users\hgszh\Desktop\BioRec-One\firmware\fpga\project_gowin_v1.9.9\src\top.sv":42)
Compiling module 'top'("C:\Users\hgszh\Desktop\BioRec-One\firmware\fpga\project_gowin_v1.9.9\src\top.sv":1)
Compiling module 'ADS1259'("C:\Users\hgszh\Desktop\BioRec-One\firmware\fpga\project_gowin_v1.9.9\src\ad_da\ads1259.v":1)
Compiling module 'SPI_Master(SPI_MODE=1,CLKS_PER_HALF_BIT=8)'("C:\Users\hgszh\Desktop\BioRec-One\firmware\fpga\project_gowin_v1.9.9\src\spi\spi_master\source\SPI_Master.v":33)
Compiling module 'OVLD_FAST_RECOVERY'("C:\Users\hgszh\Desktop\BioRec-One\firmware\fpga\project_gowin_v1.9.9\src\ad_da\ads1259.v":160)
Compiling module 'FILTER_PROCESS'("C:\Users\hgszh\Desktop\BioRec-One\firmware\fpga\project_gowin_v1.9.9\src\filter_process\filter_process.sv":6)
WARN  (EX3780) : Using initial value of 'lpf_40_coeffi' since it is never assigned("C:\Users\hgszh\Desktop\BioRec-One\firmware\fpga\project_gowin_v1.9.9\src\filter_process\filter_process.sv":55)
Compiling module 'FIR_FILTER'("C:\Users\hgszh\Desktop\BioRec-One\firmware\fpga\project_gowin_v1.9.9\src\filter_process\fir_lpf\fir_lpf.sv":6)
Compiling module 'Basic_FIR_Filter_Top'("C:\Users\hgszh\Desktop\BioRec-One\firmware\fpga\project_gowin_v1.9.9\src\filter_process\fir_lpf\basic_fir_filter.v":1773)
Compiling module '**'("C:\Users\hgszh\Desktop\BioRec-One\firmware\fpga\project_gowin_v1.9.9\src\filter_process\fir_lpf\basic_fir_filter.v":0)
Compiling module '**'("C:\Users\hgszh\Desktop\BioRec-One\firmware\fpga\project_gowin_v1.9.9\src\filter_process\fir_lpf\basic_fir_filter.v":0)
Compiling module '**'("C:\Users\hgszh\Desktop\BioRec-One\firmware\fpga\project_gowin_v1.9.9\src\filter_process\fir_lpf\basic_fir_filter.v":0)
Compiling module '**'("C:\Users\hgszh\Desktop\BioRec-One\firmware\fpga\project_gowin_v1.9.9\src\filter_process\fir_lpf\basic_fir_filter.v":0)
Compiling module '**'("C:\Users\hgszh\Desktop\BioRec-One\firmware\fpga\project_gowin_v1.9.9\src\filter_process\fir_lpf\basic_fir_filter.v":0)
Compiling module 'IIR_HPF'("C:\Users\hgszh\Desktop\BioRec-One\firmware\fpga\project_gowin_v1.9.9\src\filter_process\iir_hpf\iir_hpf.v":5)
Compiling module 'IIR_NOTCH'("C:\Users\hgszh\Desktop\BioRec-One\firmware\fpga\project_gowin_v1.9.9\src\filter_process\iir_notch\iir_notch.v":4)
Compiling module 'RESET_IIR_ON_RING'("C:\Users\hgszh\Desktop\BioRec-One\firmware\fpga\project_gowin_v1.9.9\src\filter_process\reset_iir_on_ring\reset_iir_on_ring.v":1)
Compiling module 'DAC8830'("C:\Users\hgszh\Desktop\BioRec-One\firmware\fpga\project_gowin_v1.9.9\src\ad_da\dac8830.v":1)
Compiling module 'SPI_Master_With_Single_CS(CLKS_PER_HALF_BIT=8)'("C:\Users\hgszh\Desktop\BioRec-One\firmware\fpga\project_gowin_v1.9.9\src\spi\spi_master\source\SPI_Master_With_Single_CS.v":35)
Compiling module 'SPI_Master(CLKS_PER_HALF_BIT=8)'("C:\Users\hgszh\Desktop\BioRec-One\firmware\fpga\project_gowin_v1.9.9\src\spi\spi_master\source\SPI_Master.v":33)
Compiling module 'DECIMATOR'("C:\Users\hgszh\Desktop\BioRec-One\firmware\fpga\project_gowin_v1.9.9\src\ad_da\ads1259.v":219)
Compiling module 'PAN_TOMPKINS'("C:\Users\hgszh\Desktop\BioRec-One\firmware\fpga\project_gowin_v1.9.9\src\pan_tompkins\pan_tompkins.v":3)
Compiling module 'MS5_TIMER'("C:\Users\hgszh\Desktop\BioRec-One\firmware\fpga\project_gowin_v1.9.9\src\pan_tompkins\pan_tompkins_utils.v":318)
Compiling module 'REFR_GATE'("C:\Users\hgszh\Desktop\BioRec-One\firmware\fpga\project_gowin_v1.9.9\src\pan_tompkins\pan_tompkins_utils.v":385)
Compiling module 'PRE_PROCESSOR'("C:\Users\hgszh\Desktop\BioRec-One\firmware\fpga\project_gowin_v1.9.9\src\pan_tompkins\pan_tompkins_utils.v":178)
Compiling module 'PT_IIR_LPF'("C:\Users\hgszh\Desktop\BioRec-One\firmware\fpga\project_gowin_v1.9.9\src\pan_tompkins\pan_tompkins_utils.v":5)
Compiling module 'PT_IIR_HPF'("C:\Users\hgszh\Desktop\BioRec-One\firmware\fpga\project_gowin_v1.9.9\src\pan_tompkins\pan_tompkins_utils.v":37)
Compiling module 'FIR_DERIVATIVE'("C:\Users\hgszh\Desktop\BioRec-One\firmware\fpga\project_gowin_v1.9.9\src\pan_tompkins\pan_tompkins_utils.v":70)
Compiling module 'SQUARE'("C:\Users\hgszh\Desktop\BioRec-One\firmware\fpga\project_gowin_v1.9.9\src\pan_tompkins\pan_tompkins_utils.v":103)
Compiling module 'MOVAVG_32'("C:\Users\hgszh\Desktop\BioRec-One\firmware\fpga\project_gowin_v1.9.9\src\pan_tompkins\pan_tompkins_utils.v":145)
Compiling module 'FIND_PEAK'("C:\Users\hgszh\Desktop\BioRec-One\firmware\fpga\project_gowin_v1.9.9\src\pan_tompkins\pan_tompkins_utils.v":332)
Compiling module 'MEDIAN_9'("C:\Users\hgszh\Desktop\BioRec-One\firmware\fpga\project_gowin_v1.9.9\src\pan_tompkins\pan_tompkins_utils.v":233)
Compiling module 'LED_CONTROL'("C:\Users\hgszh\Desktop\BioRec-One\firmware\fpga\project_gowin_v1.9.9\src\led\led.v":1)
Compiling module 'DECIMATOR(DECIM_FACTOR=6,SHIFT=0)'("C:\Users\hgszh\Desktop\BioRec-One\firmware\fpga\project_gowin_v1.9.9\src\ad_da\ads1259.v":219)
Compiling module 'fifo_24'("C:\Users\hgszh\Desktop\BioRec-One\firmware\fpga\project_gowin_v1.9.9\src\fifo_sc\fifo_24.v":604)
Compiling module '**'("C:\Users\hgszh\Desktop\BioRec-One\firmware\fpga\project_gowin_v1.9.9\src\fifo_sc\fifo_24.v":0)
Compiling module 'fifo_16'("C:\Users\hgszh\Desktop\BioRec-One\firmware\fpga\project_gowin_v1.9.9\src\fifo_sc\fifo_16.v":184)
Compiling module '**'("C:\Users\hgszh\Desktop\BioRec-One\firmware\fpga\project_gowin_v1.9.9\src\fifo_sc\fifo_16.v":0)
Compiling module 'Bus_Control'("C:\Users\hgszh\Desktop\BioRec-One\firmware\fpga\project_gowin_v1.9.9\src\spi\bus_control\bus_control.v":2)
Compiling module 'SPI_Slave(DATA_WIDTH=8)'("C:\Users\hgszh\Desktop\BioRec-One\firmware\fpga\project_gowin_v1.9.9\src\spi\spi_mode0_slave\spi_slave.v":3)
Compiling module 'CRC'("C:\Users\hgszh\Desktop\BioRec-One\firmware\fpga\project_gowin_v1.9.9\src\spi\spi_mode0_slave\spi_slave.v":103)
NOTE  (EX0101) : Current top module is "top"
[5%] Running netlist conversion ...
Running device independent optimization ...
[10%] Optimizing Phase 0 completed
[15%] Optimizing Phase 1 completed
[25%] Optimizing Phase 2 completed
Running inference ...
[30%] Inferring Phase 0 completed
[40%] Inferring Phase 1 completed
[50%] Inferring Phase 2 completed
[55%] Inferring Phase 3 completed
Running technical mapping ...
[60%] Tech-Mapping Phase 0 completed
[65%] Tech-Mapping Phase 1 completed
[75%] Tech-Mapping Phase 2 completed
[80%] Tech-Mapping Phase 3 completed
[90%] Tech-Mapping Phase 4 completed
[95%] Generate netlist file "C:\Users\hgszh\Desktop\BioRec-One\firmware\fpga\project_gowin_v1.9.9\impl\gwsynthesis\fpga_ecg.vg" completed
[100%] Generate report file "C:\Users\hgszh\Desktop\BioRec-One\firmware\fpga\project_gowin_v1.9.9\impl\gwsynthesis\fpga_ecg_syn.rpt.html" completed
GowinSynthesis finish
