Reading netlist file: "C:\Users\hgszh\Desktop\BioRec-One\firmware\fpga\project_gowin_v1.9.9\impl\gwsynthesis\fpga_ecg.vg"
Parsing netlist file "C:\Users\hgszh\Desktop\BioRec-One\firmware\fpga\project_gowin_v1.9.9\impl\gwsynthesis\fpga_ecg.vg" completed
Processing netlist completed
Reading constraint file: "C:\Users\hgszh\Desktop\BioRec-One\firmware\fpga\project_gowin_v1.9.9\src\fpga_ecg.cst"
Physical Constraint parsed completed
Running placement......
[10%] Placement Phase 0 completed
[20%] Placement Phase 1 completed
[30%] Placement Phase 2 completed
[50%] Placement Phase 3 completed
Running routing......
[60%] Routing Phase 0 completed
[70%] Routing Phase 1 completed
[80%] Routing Phase 2 completed
WARN  (PR1014) : Generic routing resource will be used to clock signal 'spi_sclk_d' by the specified constraint. And then it may lead to the excessive delay or skew
[90%] Routing Phase 3 completed
Running timing analysis......
[95%] Timing analysis completed
Placement and routing completed
Bitstream generation in progress......
Bitstream generation completed
Running power analysis......
[100%] Power analysis completed
Generate file "C:\Users\hgszh\Desktop\BioRec-One\firmware\fpga\project_gowin_v1.9.9\impl\pnr\fpga_ecg.power.html" completed
Generate file "C:\Users\hgszh\Desktop\BioRec-One\firmware\fpga\project_gowin_v1.9.9\impl\pnr\fpga_ecg.pin.html" completed
Generate file "C:\Users\hgszh\Desktop\BioRec-One\firmware\fpga\project_gowin_v1.9.9\impl\pnr\fpga_ecg.rpt.html" completed
Generate file "C:\Users\hgszh\Desktop\BioRec-One\firmware\fpga\project_gowin_v1.9.9\impl\pnr\fpga_ecg.rpt.txt" completed
Generate file "C:\Users\hgszh\Desktop\BioRec-One\firmware\fpga\project_gowin_v1.9.9\impl\pnr\fpga_ecg.tr.html" completed
Sun Mar  8 23:52:07 2026

